<?xml version="1.0" encoding="utf-8"?>
<coverage line-rate="0.8114" branch-rate="0.4265" version="1.9" timestamp="1611149243" lines-covered="2897" lines-valid="3570" branches-covered="151" branches-valid="354">
  <sources>
    <source>C:\Users\Super User\</source>
  </sources>
  <packages>
    <package name="HospitalApp" line-rate="0.7824" branch-rate="0.44079999999999997" complexity="353">
      <classes>
        <class name="HospitalApp.Program" filename="Documents\GitRepository\PSW\HospitalApp\HospitalApp\Program.cs" line-rate="0.5789" branch-rate="1" complexity="2">
          <methods>
            <method name="Main" signature="(System.String[])" line-rate="0" branch-rate="1" complexity="1">
              <lines>
                <line number="13" hits="0" branch="False" />
                <line number="14" hits="0" branch="False" />
                <line number="15" hits="0" branch="False" />
              </lines>
            </method>
            <method name="CreateHostBuilder" signature="(System.String[])" line-rate="0.6875" branch-rate="1" complexity="1">
              <lines>
                <line number="18" hits="5" branch="False" />
                <line number="19" hits="5" branch="False" />
                <line number="20" hits="10" branch="False" />
                <line number="21" hits="10" branch="False" />
                <line number="22" hits="10" branch="False" />
                <line number="23" hits="5" branch="False" />
                <line number="24" hits="10" branch="False" />
                <line number="25" hits="10" branch="False" />
                <line number="26" hits="0" branch="False" />
                <line number="27" hits="10" branch="False" />
                <line number="28" hits="0" branch="False" />
                <line number="29" hits="0" branch="False" />
                <line number="30" hits="0" branch="False" />
                <line number="31" hits="0" branch="False" />
                <line number="32" hits="10" branch="False" />
                <line number="33" hits="10" branch="False" />
              </lines>
            </method>
          </methods>
          <lines>
            <line number="13" hits="0" branch="False" />
            <line number="14" hits="0" branch="False" />
            <line number="15" hits="0" branch="False" />
            <line number="18" hits="5" branch="False" />
            <line number="19" hits="5" branch="False" />
            <line number="20" hits="10" branch="False" />
            <line number="21" hits="10" branch="False" />
            <line number="22" hits="10" branch="False" />
            <line number="23" hits="5" branch="False" />
            <line number="24" hits="10" branch="False" />
            <line number="25" hits="10" branch="False" />
            <line number="26" hits="0" branch="False" />
            <line number="27" hits="10" branch="False" />
            <line number="28" hits="0" branch="False" />
            <line number="29" hits="0" branch="False" />
            <line number="30" hits="0" branch="False" />
            <line number="31" hits="0" branch="False" />
            <line number="32" hits="10" branch="False" />
            <line number="33" hits="10" branch="False" />
          </lines>
        </class>
        <class name="HospitalApp.Startup" filename="Documents\GitRepository\PSW\HospitalApp\HospitalApp\Startup.cs" line-rate="1" branch-rate="1" complexity="5">
          <methods>
            <method name="get_Configuration" signature="()" line-rate="1" branch-rate="1" complexity="1">
              <lines>
                <line number="25" hits="8" branch="False" />
              </lines>
            </method>
            <method name="ConfigureServices" signature="(Microsoft.Extensions.DependencyInjection.IServiceCollection)" line-rate="1" branch-rate="1" complexity="1">
              <lines>
                <line number="29" hits="5" branch="False" />
                <line number="30" hits="5" branch="False" />
                <line number="31" hits="5" branch="False" />
                <line number="33" hits="5" branch="False" />
                <line number="34" hits="13" branch="False" />
                <line number="36" hits="5" branch="False" />
                <line number="37" hits="5" branch="False" />
                <line number="38" hits="5" branch="False" />
                <line number="39" hits="5" branch="False" />
                <line number="40" hits="5" branch="False" />
                <line number="41" hits="5" branch="False" />
                <line number="42" hits="5" branch="False" />
                <line number="43" hits="5" branch="False" />
                <line number="45" hits="5" branch="False" />
                <line number="47" hits="10" branch="False" />
                <line number="48" hits="10" branch="False" />
                <line number="49" hits="10" branch="False" />
                <line number="51" hits="5" branch="False" />
                <line number="52" hits="5" branch="False" />
                <line number="53" hits="10" branch="False" />
                <line number="55" hits="5" branch="False" />
                <line number="56" hits="5" branch="False" />
                <line number="58" hits="5" branch="False" />
                <line number="60" hits="10" branch="False" />
                <line number="61" hits="15" branch="False" />
                <line number="62" hits="15" branch="False" />
                <line number="63" hits="15" branch="False" />
                <line number="64" hits="15" branch="False" />
                <line number="65" hits="15" branch="False" />
                <line number="66" hits="5" branch="False" />
              </lines>
            </method>
            <method name="Configure" signature="(Microsoft.AspNetCore.Builder.IApplicationBuilder,Microsoft.AspNetCore.Hosting.IWebHostEnvironment)" line-rate="1" branch-rate="1" complexity="2">
              <lines>
                <line number="69" hits="5" branch="False" />
                <line number="70" hits="5" branch="True" condition-coverage="100% (2/2)">
                  <conditions>
                    <condition number="9" type="jump" coverage="100%" />
                  </conditions>
                </line>
                <line number="71" hits="5" branch="False" />
                <line number="72" hits="5" branch="False" />
                <line number="73" hits="5" branch="False" />
                <line number="75" hits="5" branch="False" />
                <line number="77" hits="5" branch="False" />
                <line number="78" hits="5" branch="False" />
                <line number="80" hits="5" branch="False" />
                <line number="81" hits="5" branch="False" />
                <line number="82" hits="5" branch="False" />
                <line number="84" hits="5" branch="False" />
                <line number="86" hits="5" branch="False" />
                <line number="87" hits="10" branch="False" />
                <line number="88" hits="10" branch="False" />
                <line number="89" hits="10" branch="False" />
                <line number="90" hits="10" branch="False" />
                <line number="91" hits="10" branch="False" />
                <line number="93" hits="5" branch="False" />
                <line number="94" hits="5" branch="False" />
              </lines>
            </method>
            <method name=".ctor" signature="(Microsoft.Extensions.Configuration.IConfiguration)" line-rate="1" branch-rate="1" complexity="1">
              <lines>
                <line number="20" hits="5" branch="False" />
                <line number="21" hits="5" branch="False" />
                <line number="22" hits="5" branch="False" />
                <line number="23" hits="5" branch="False" />
              </lines>
            </method>
          </methods>
          <lines>
            <line number="25" hits="8" branch="False" />
            <line number="29" hits="5" branch="False" />
            <line number="30" hits="5" branch="False" />
            <line number="31" hits="5" branch="False" />
            <line number="33" hits="5" branch="False" />
            <line number="34" hits="13" branch="False" />
            <line number="36" hits="5" branch="False" />
            <line number="37" hits="5" branch="False" />
            <line number="38" hits="5" branch="False" />
            <line number="39" hits="5" branch="False" />
            <line number="40" hits="5" branch="False" />
            <line number="41" hits="5" branch="False" />
            <line number="42" hits="5" branch="False" />
            <line number="43" hits="5" branch="False" />
            <line number="45" hits="5" branch="False" />
            <line number="47" hits="10" branch="False" />
            <line number="48" hits="10" branch="False" />
            <line number="49" hits="10" branch="False" />
            <line number="51" hits="5" branch="False" />
            <line number="52" hits="5" branch="False" />
            <line number="53" hits="10" branch="False" />
            <line number="55" hits="5" branch="False" />
            <line number="56" hits="5" branch="False" />
            <line number="58" hits="5" branch="False" />
            <line number="60" hits="10" branch="False" />
            <line number="61" hits="15" branch="False" />
            <line number="62" hits="15" branch="False" />
            <line number="63" hits="15" branch="False" />
            <line number="64" hits="15" branch="False" />
            <line number="65" hits="15" branch="False" />
            <line number="66" hits="5" branch="False" />
            <line number="69" hits="5" branch="False" />
            <line number="70" hits="5" branch="True" condition-coverage="100% (2/2)">
              <conditions>
                <condition number="9" type="jump" coverage="100%" />
              </conditions>
            </line>
            <line number="71" hits="5" branch="False" />
            <line number="72" hits="5" branch="False" />
            <line number="73" hits="5" branch="False" />
            <line number="75" hits="5" branch="False" />
            <line number="77" hits="5" branch="False" />
            <line number="78" hits="5" branch="False" />
            <line number="80" hits="5" branch="False" />
            <line number="81" hits="5" branch="False" />
            <line number="82" hits="5" branch="False" />
            <line number="84" hits="5" branch="False" />
            <line number="86" hits="5" branch="False" />
            <line number="87" hits="10" branch="False" />
            <line number="88" hits="10" branch="False" />
            <line number="89" hits="10" branch="False" />
            <line number="90" hits="10" branch="False" />
            <line number="91" hits="10" branch="False" />
            <line number="93" hits="5" branch="False" />
            <line number="94" hits="5" branch="False" />
            <line number="20" hits="5" branch="False" />
            <line number="21" hits="5" branch="False" />
            <line number="22" hits="5" branch="False" />
            <line number="23" hits="5" branch="False" />
          </lines>
        </class>
        <class name="HospitalApp.Services.AdministratorService" filename="Documents\GitRepository\PSW\HospitalApp\HospitalApp\Services\AdministratorService.cs" line-rate="0.909" branch-rate="0.5" complexity="6">
          <methods>
            <method name="GetAll" signature="()" line-rate="1" branch-rate="1" complexity="1">
              <lines>
                <line number="22" hits="1" branch="False" />
                <line number="23" hits="1" branch="False" />
                <line number="25" hits="3" branch="False" />
                <line number="27" hits="1" branch="False" />
                <line number="28" hits="1" branch="False" />
              </lines>
            </method>
            <method name="GetById" signature="(System.Int32)" line-rate="0.8" branch-rate="0.5" complexity="2">
              <lines>
                <line number="31" hits="1" branch="False" />
                <line number="32" hits="1" branch="False" />
                <line number="34" hits="0" branch="True" condition-coverage="50% (1/2)">
                  <conditions>
                    <condition number="130" type="jump" coverage="50%" />
                  </conditions>
                </line>
                <line number="36" hits="1" branch="False" />
                <line number="37" hits="1" branch="False" />
              </lines>
            </method>
            <method name="Add" signature="(HospitalApp.Models.Administrator)" line-rate="0.875" branch-rate="0.5" complexity="2">
              <lines>
                <line number="40" hits="1" branch="False" />
                <line number="41" hits="1" branch="True" condition-coverage="50% (1/2)">
                  <conditions>
                    <condition number="7" type="jump" coverage="50%" />
                  </conditions>
                </line>
                <line number="42" hits="0" branch="False" />
                <line number="44" hits="1" branch="False" />
                <line number="45" hits="1" branch="False" />
                <line number="47" hits="1" branch="False" />
                <line number="49" hits="1" branch="False" />
                <line number="50" hits="1" branch="False" />
              </lines>
            </method>
            <method name=".ctor" signature="(HospitalApp.Models.MyDbContext)" line-rate="1" branch-rate="1" complexity="1">
              <lines>
                <line number="16" hits="3" branch="False" />
                <line number="17" hits="3" branch="False" />
                <line number="18" hits="3" branch="False" />
                <line number="19" hits="3" branch="False" />
              </lines>
            </method>
          </methods>
          <lines>
            <line number="22" hits="1" branch="False" />
            <line number="23" hits="1" branch="False" />
            <line number="25" hits="3" branch="False" />
            <line number="27" hits="1" branch="False" />
            <line number="28" hits="1" branch="False" />
            <line number="31" hits="1" branch="False" />
            <line number="32" hits="1" branch="False" />
            <line number="34" hits="0" branch="True" condition-coverage="50% (1/2)">
              <conditions>
                <condition number="130" type="jump" coverage="50%" />
              </conditions>
            </line>
            <line number="36" hits="1" branch="False" />
            <line number="37" hits="1" branch="False" />
            <line number="40" hits="1" branch="False" />
            <line number="41" hits="1" branch="True" condition-coverage="50% (1/2)">
              <conditions>
                <condition number="7" type="jump" coverage="50%" />
              </conditions>
            </line>
            <line number="42" hits="0" branch="False" />
            <line number="44" hits="1" branch="False" />
            <line number="45" hits="1" branch="False" />
            <line number="47" hits="1" branch="False" />
            <line number="49" hits="1" branch="False" />
            <line number="50" hits="1" branch="False" />
            <line number="16" hits="3" branch="False" />
            <line number="17" hits="3" branch="False" />
            <line number="18" hits="3" branch="False" />
            <line number="19" hits="3" branch="False" />
          </lines>
        </class>
        <class name="HospitalApp.Services.AppointmentService" filename="Documents\GitRepository\PSW\HospitalApp\HospitalApp\Services\AppointmentService.cs" line-rate="0.5474" branch-rate="0.29410000000000003" complexity="41">
          <methods>
            <method name="GetAll" signature="()" line-rate="1" branch-rate="1" complexity="1">
              <lines>
                <line number="24" hits="1" branch="False" />
                <line number="25" hits="1" branch="False" />
                <line number="27" hits="3" branch="False" />
                <line number="29" hits="1" branch="False" />
                <line number="30" hits="1" branch="False" />
              </lines>
            </method>
            <method name="GetById" signature="(System.Int32)" line-rate="0.8" branch-rate="0.5" complexity="2">
              <lines>
                <line number="33" hits="1" branch="False" />
                <line number="34" hits="1" branch="False" />
                <line number="36" hits="0" branch="True" condition-coverage="50% (1/2)">
                  <conditions>
                    <condition number="130" type="jump" coverage="50%" />
                  </conditions>
                </line>
                <line number="38" hits="1" branch="False" />
                <line number="39" hits="1" branch="False" />
              </lines>
            </method>
            <method name="Add" signature="(HospitalApp.Dtos.AppointmentDto)" line-rate="0" branch-rate="0" complexity="4">
              <lines>
                <line number="42" hits="0" branch="False" />
                <line number="43" hits="0" branch="True" condition-coverage="0% (0/2)">
                  <conditions>
                    <condition number="13" type="jump" coverage="0%" />
                  </conditions>
                </line>
                <line number="45" hits="0" branch="False" />
                <line number="46" hits="0" branch="False" />
                <line number="47" hits="0" branch="False" />
                <line number="48" hits="0" branch="False" />
                <line number="50" hits="0" branch="True" condition-coverage="0% (0/2)">
                  <conditions>
                    <condition number="361" type="jump" coverage="0%" />
                  </conditions>
                </line>
                <line number="51" hits="0" branch="False" />
                <line number="53" hits="0" branch="False" />
                <line number="54" hits="0" branch="False" />
                <line number="55" hits="0" branch="False" />
                <line number="57" hits="0" branch="False" />
                <line number="58" hits="0" branch="False" />
              </lines>
            </method>
            <method name="PatientAlreadyHasAppointment" signature="(System.Int32,System.Int32)" line-rate="0" branch-rate="0" complexity="6">
              <lines>
                <line number="61" hits="0" branch="False" />
                <line number="62" hits="0" branch="False" />
                <line number="64" hits="0" branch="True" condition-coverage="0% (0/2)">
                  <conditions>
                    <condition number="108" type="jump" coverage="0%" />
                  </conditions>
                </line>
                <line number="65" hits="0" branch="False" />
                <line number="66" hits="0" branch="True" condition-coverage="0% (0/4)">
                  <conditions>
                    <condition number="74" type="jump" coverage="0%" />
                    <condition number="92" type="jump" coverage="0%" />
                  </conditions>
                </line>
                <line number="67" hits="0" branch="False" />
                <line number="68" hits="0" branch="False" />
                <line number="70" hits="0" branch="False" />
                <line number="71" hits="0" branch="False" />
                <line number="72" hits="0" branch="False" />
              </lines>
            </method>
            <method name="GetPatientAppointments" signature="(System.Int32)" line-rate="0.9285" branch-rate="0.5" complexity="2">
              <lines>
                <line number="75" hits="1" branch="False" />
                <line number="76" hits="1" branch="False" />
                <line number="78" hits="0" branch="True" condition-coverage="50% (1/2)">
                  <conditions>
                    <condition number="130" type="jump" coverage="50%" />
                  </conditions>
                </line>
                <line number="80" hits="3" branch="False" />
                <line number="81" hits="3" branch="False" />
                <line number="82" hits="3" branch="False" />
                <line number="83" hits="3" branch="False" />
                <line number="84" hits="3" branch="False" />
                <line number="85" hits="3" branch="False" />
                <line number="86" hits="3" branch="False" />
                <line number="87" hits="3" branch="False" />
                <line number="88" hits="3" branch="False" />
                <line number="89" hits="3" branch="False" />
                <line number="90" hits="1" branch="False" />
              </lines>
            </method>
            <method name="GetDoctorAppointments" signature="(System.Int32)" line-rate="0.9285" branch-rate="0.5" complexity="2">
              <lines>
                <line number="93" hits="1" branch="False" />
                <line number="94" hits="1" branch="False" />
                <line number="96" hits="0" branch="True" condition-coverage="50% (1/2)">
                  <conditions>
                    <condition number="130" type="jump" coverage="50%" />
                  </conditions>
                </line>
                <line number="98" hits="3" branch="False" />
                <line number="99" hits="3" branch="False" />
                <line number="100" hits="3" branch="False" />
                <line number="101" hits="3" branch="False" />
                <line number="102" hits="3" branch="False" />
                <line number="103" hits="3" branch="False" />
                <line number="104" hits="3" branch="False" />
                <line number="105" hits="3" branch="False" />
                <line number="106" hits="3" branch="False" />
                <line number="107" hits="3" branch="False" />
                <line number="108" hits="1" branch="False" />
              </lines>
            </method>
            <method name="CancelAppointment" signature="(System.Int32)" line-rate="0" branch-rate="0" complexity="4">
              <lines>
                <line number="111" hits="0" branch="False" />
                <line number="112" hits="0" branch="False" />
                <line number="113" hits="0" branch="False" />
                <line number="115" hits="0" branch="True" condition-coverage="0% (0/4)">
                  <conditions>
                    <condition number="148" type="jump" coverage="0%" />
                    <condition number="196" type="jump" coverage="0%" />
                  </conditions>
                </line>
                <line number="116" hits="0" branch="False" />
                <line number="118" hits="0" branch="False" />
                <line number="119" hits="0" branch="False" />
                <line number="120" hits="0" branch="False" />
                <line number="122" hits="0" branch="False" />
                <line number="123" hits="0" branch="False" />
              </lines>
            </method>
            <method name="PatientsCancelledAppointmentsAdded" signature="(HospitalApp.Models.Appointment)" line-rate="0" branch-rate="1" complexity="1">
              <lines>
                <line number="126" hits="0" branch="False" />
                <line number="127" hits="0" branch="False" />
                <line number="128" hits="0" branch="False" />
                <line number="129" hits="0" branch="False" />
              </lines>
            </method>
            <method name="ReturnDoctorsCancelledDate" signature="(HospitalApp.Models.Doctor,HospitalApp.Models.Appointment)" line-rate="0" branch-rate="1" complexity="1">
              <lines>
                <line number="132" hits="0" branch="False" />
                <line number="133" hits="0" branch="False" />
                <line number="134" hits="0" branch="False" />
                <line number="135" hits="0" branch="False" />
                <line number="137" hits="0" branch="False" />
                <line number="138" hits="0" branch="False" />
              </lines>
            </method>
            <method name="RemoveDoctorsActiveAppointmentDate" signature="(HospitalApp.Models.Doctor,HospitalApp.Models.Appointment)" line-rate="0" branch-rate="1" complexity="1">
              <lines>
                <line number="141" hits="0" branch="False" />
                <line number="142" hits="0" branch="False" />
                <line number="143" hits="0" branch="False" />
                <line number="144" hits="0" branch="False" />
                <line number="145" hits="0" branch="False" />
              </lines>
            </method>
            <method name="CheckIfMaliciousPatient" signature="(HospitalApp.Models.Patient)" line-rate="0" branch-rate="0" complexity="2">
              <lines>
                <line number="148" hits="0" branch="False" />
                <line number="149" hits="0" branch="True" condition-coverage="0% (0/2)">
                  <conditions>
                    <condition number="15" type="jump" coverage="0%" />
                  </conditions>
                </line>
                <line number="150" hits="0" branch="False" />
                <line number="151" hits="0" branch="False" />
              </lines>
            </method>
            <method name="CheckLastThreeCancelledAppointments" signature="(System.Collections.Generic.List`1&lt;HospitalApp.Dtos.AppointmentDto&gt;,HospitalApp.Models.Patient)" line-rate="0" branch-rate="0" complexity="2">
              <lines>
                <line number="154" hits="0" branch="False" />
                <line number="155" hits="0" branch="False" />
                <line number="157" hits="0" branch="True" condition-coverage="0% (0/2)">
                  <conditions>
                    <condition number="85" type="jump" coverage="0%" />
                  </conditions>
                </line>
                <line number="158" hits="0" branch="False" />
                <line number="159" hits="0" branch="False" />
              </lines>
            </method>
            <method name="SetAppointmentDone" signature="(System.Int32)" line-rate="0.909" branch-rate="0.6666" complexity="6">
              <lines>
                <line number="163" hits="1" branch="False" />
                <line number="164" hits="1" branch="False" />
                <line number="166" hits="0" branch="True" condition-coverage="50% (1/2)">
                  <conditions>
                    <condition number="130" type="jump" coverage="50%" />
                  </conditions>
                </line>
                <line number="168" hits="1" branch="True" condition-coverage="75% (3/4)">
                  <conditions>
                    <condition number="159" type="jump" coverage="50%" />
                    <condition number="180" type="jump" coverage="100%" />
                  </conditions>
                </line>
                <line number="169" hits="1" branch="False" />
                <line number="170" hits="1" branch="False" />
                <line number="171" hits="1" branch="False" />
                <line number="172" hits="1" branch="False" />
                <line number="173" hits="1" branch="False" />
                <line number="175" hits="1" branch="False" />
                <line number="176" hits="1" branch="False" />
              </lines>
            </method>
            <method name="FinishAppointment" signature="(System.Int32)" line-rate="0.909" branch-rate="0.5" complexity="2">
              <lines>
                <line number="180" hits="1" branch="False" />
                <line number="181" hits="1" branch="False" />
                <line number="182" hits="1" branch="False" />
                <line number="184" hits="0" branch="True" condition-coverage="50% (1/2)">
                  <conditions>
                    <condition number="142" type="jump" coverage="50%" />
                  </conditions>
                </line>
                <line number="186" hits="4" branch="False" />
                <line number="187" hits="1" branch="False" />
                <line number="189" hits="1" branch="False" />
                <line number="190" hits="1" branch="False" />
                <line number="191" hits="1" branch="False" />
                <line number="193" hits="1" branch="False" />
                <line number="194" hits="1" branch="False" />
              </lines>
            </method>
            <method name="GetAppointmentFullDate" signature="(HospitalApp.Models.Appointment)" line-rate="1" branch-rate="1" complexity="1">
              <lines>
                <line number="197" hits="1" branch="False" />
                <line number="198" hits="1" branch="False" />
                <line number="199" hits="1" branch="False" />
              </lines>
            </method>
            <method name="GetAppointmentFullDateString" signature="(HospitalApp.Models.Appointment)" line-rate="1" branch-rate="1" complexity="1">
              <lines>
                <line number="202" hits="3" branch="False" />
                <line number="203" hits="3" branch="False" />
                <line number="204" hits="3" branch="False" />
              </lines>
            </method>
            <method name="SetAppointmentsReferralDeleted" signature="(HospitalApp.Models.Appointment)" line-rate="1" branch-rate="1" complexity="2">
              <lines>
                <line number="207" hits="3" branch="False" />
                <line number="208" hits="3" branch="True" condition-coverage="100% (2/2)">
                  <conditions>
                    <condition number="18" type="jump" coverage="100%" />
                  </conditions>
                </line>
                <line number="209" hits="2" branch="False" />
                <line number="210" hits="2" branch="False" />
                <line number="211" hits="2" branch="False" />
                <line number="212" hits="2" branch="False" />
                <line number="213" hits="2" branch="False" />
                <line number="214" hits="2" branch="False" />
                <line number="216" hits="3" branch="False" />
              </lines>
            </method>
            <method name=".ctor" signature="(HospitalApp.Models.MyDbContext,HospitalApp.Contracts.IReferralService)" line-rate="1" branch-rate="1" complexity="1">
              <lines>
                <line number="17" hits="9" branch="False" />
                <line number="18" hits="9" branch="False" />
                <line number="19" hits="9" branch="False" />
                <line number="20" hits="9" branch="False" />
                <line number="21" hits="9" branch="False" />
              </lines>
            </method>
          </methods>
          <lines>
            <line number="24" hits="1" branch="False" />
            <line number="25" hits="1" branch="False" />
            <line number="27" hits="3" branch="False" />
            <line number="29" hits="1" branch="False" />
            <line number="30" hits="1" branch="False" />
            <line number="33" hits="1" branch="False" />
            <line number="34" hits="1" branch="False" />
            <line number="36" hits="0" branch="True" condition-coverage="50% (1/2)">
              <conditions>
                <condition number="130" type="jump" coverage="50%" />
              </conditions>
            </line>
            <line number="38" hits="1" branch="False" />
            <line number="39" hits="1" branch="False" />
            <line number="42" hits="0" branch="False" />
            <line number="43" hits="0" branch="True" condition-coverage="0% (0/2)">
              <conditions>
                <condition number="13" type="jump" coverage="0%" />
              </conditions>
            </line>
            <line number="45" hits="0" branch="False" />
            <line number="46" hits="0" branch="False" />
            <line number="47" hits="0" branch="False" />
            <line number="48" hits="0" branch="False" />
            <line number="50" hits="0" branch="True" condition-coverage="0% (0/2)">
              <conditions>
                <condition number="361" type="jump" coverage="0%" />
              </conditions>
            </line>
            <line number="51" hits="0" branch="False" />
            <line number="53" hits="0" branch="False" />
            <line number="54" hits="0" branch="False" />
            <line number="55" hits="0" branch="False" />
            <line number="57" hits="0" branch="False" />
            <line number="58" hits="0" branch="False" />
            <line number="61" hits="0" branch="False" />
            <line number="62" hits="0" branch="False" />
            <line number="64" hits="0" branch="True" condition-coverage="0% (0/2)">
              <conditions>
                <condition number="108" type="jump" coverage="0%" />
              </conditions>
            </line>
            <line number="65" hits="0" branch="False" />
            <line number="66" hits="0" branch="True" condition-coverage="0% (0/4)">
              <conditions>
                <condition number="74" type="jump" coverage="0%" />
                <condition number="92" type="jump" coverage="0%" />
              </conditions>
            </line>
            <line number="67" hits="0" branch="False" />
            <line number="68" hits="0" branch="False" />
            <line number="70" hits="0" branch="False" />
            <line number="71" hits="0" branch="False" />
            <line number="72" hits="0" branch="False" />
            <line number="75" hits="1" branch="False" />
            <line number="76" hits="1" branch="False" />
            <line number="78" hits="0" branch="True" condition-coverage="50% (1/2)">
              <conditions>
                <condition number="130" type="jump" coverage="50%" />
              </conditions>
            </line>
            <line number="80" hits="3" branch="False" />
            <line number="81" hits="3" branch="False" />
            <line number="82" hits="3" branch="False" />
            <line number="83" hits="3" branch="False" />
            <line number="84" hits="3" branch="False" />
            <line number="85" hits="3" branch="False" />
            <line number="86" hits="3" branch="False" />
            <line number="87" hits="3" branch="False" />
            <line number="88" hits="3" branch="False" />
            <line number="89" hits="3" branch="False" />
            <line number="90" hits="1" branch="False" />
            <line number="93" hits="1" branch="False" />
            <line number="94" hits="1" branch="False" />
            <line number="96" hits="0" branch="True" condition-coverage="50% (1/2)">
              <conditions>
                <condition number="130" type="jump" coverage="50%" />
              </conditions>
            </line>
            <line number="98" hits="3" branch="False" />
            <line number="99" hits="3" branch="False" />
            <line number="100" hits="3" branch="False" />
            <line number="101" hits="3" branch="False" />
            <line number="102" hits="3" branch="False" />
            <line number="103" hits="3" branch="False" />
            <line number="104" hits="3" branch="False" />
            <line number="105" hits="3" branch="False" />
            <line number="106" hits="3" branch="False" />
            <line number="107" hits="3" branch="False" />
            <line number="108" hits="1" branch="False" />
            <line number="111" hits="0" branch="False" />
            <line number="112" hits="0" branch="False" />
            <line number="113" hits="0" branch="False" />
            <line number="115" hits="0" branch="True" condition-coverage="0% (0/4)">
              <conditions>
                <condition number="148" type="jump" coverage="0%" />
                <condition number="196" type="jump" coverage="0%" />
              </conditions>
            </line>
            <line number="116" hits="0" branch="False" />
            <line number="118" hits="0" branch="False" />
            <line number="119" hits="0" branch="False" />
            <line number="120" hits="0" branch="False" />
            <line number="122" hits="0" branch="False" />
            <line number="123" hits="0" branch="False" />
            <line number="126" hits="0" branch="False" />
            <line number="127" hits="0" branch="False" />
            <line number="128" hits="0" branch="False" />
            <line number="129" hits="0" branch="False" />
            <line number="132" hits="0" branch="False" />
            <line number="133" hits="0" branch="False" />
            <line number="134" hits="0" branch="False" />
            <line number="135" hits="0" branch="False" />
            <line number="137" hits="0" branch="False" />
            <line number="138" hits="0" branch="False" />
            <line number="141" hits="0" branch="False" />
            <line number="142" hits="0" branch="False" />
            <line number="143" hits="0" branch="False" />
            <line number="144" hits="0" branch="False" />
            <line number="145" hits="0" branch="False" />
            <line number="148" hits="0" branch="False" />
            <line number="149" hits="0" branch="True" condition-coverage="0% (0/2)">
              <conditions>
                <condition number="15" type="jump" coverage="0%" />
              </conditions>
            </line>
            <line number="150" hits="0" branch="False" />
            <line number="151" hits="0" branch="False" />
            <line number="154" hits="0" branch="False" />
            <line number="155" hits="0" branch="False" />
            <line number="157" hits="0" branch="True" condition-coverage="0% (0/2)">
              <conditions>
                <condition number="85" type="jump" coverage="0%" />
              </conditions>
            </line>
            <line number="158" hits="0" branch="False" />
            <line number="159" hits="0" branch="False" />
            <line number="163" hits="1" branch="False" />
            <line number="164" hits="1" branch="False" />
            <line number="166" hits="0" branch="True" condition-coverage="50% (1/2)">
              <conditions>
                <condition number="130" type="jump" coverage="50%" />
              </conditions>
            </line>
            <line number="168" hits="1" branch="True" condition-coverage="75% (3/4)">
              <conditions>
                <condition number="159" type="jump" coverage="50%" />
                <condition number="180" type="jump" coverage="100%" />
              </conditions>
            </line>
            <line number="169" hits="1" branch="False" />
            <line number="170" hits="1" branch="False" />
            <line number="171" hits="1" branch="False" />
            <line number="172" hits="1" branch="False" />
            <line number="173" hits="1" branch="False" />
            <line number="175" hits="1" branch="False" />
            <line number="176" hits="1" branch="False" />
            <line number="180" hits="1" branch="False" />
            <line number="181" hits="1" branch="False" />
            <line number="182" hits="1" branch="False" />
            <line number="184" hits="0" branch="True" condition-coverage="50% (1/2)">
              <conditions>
                <condition number="142" type="jump" coverage="50%" />
              </conditions>
            </line>
            <line number="186" hits="4" branch="False" />
            <line number="187" hits="1" branch="False" />
            <line number="189" hits="1" branch="False" />
            <line number="190" hits="1" branch="False" />
            <line number="191" hits="1" branch="False" />
            <line number="193" hits="1" branch="False" />
            <line number="194" hits="1" branch="False" />
            <line number="197" hits="1" branch="False" />
            <line number="198" hits="1" branch="False" />
            <line number="199" hits="1" branch="False" />
            <line number="202" hits="3" branch="False" />
            <line number="203" hits="3" branch="False" />
            <line number="204" hits="3" branch="False" />
            <line number="207" hits="3" branch="False" />
            <line number="208" hits="3" branch="True" condition-coverage="100% (2/2)">
              <conditions>
                <condition number="18" type="jump" coverage="100%" />
              </conditions>
            </line>
            <line number="209" hits="2" branch="False" />
            <line number="210" hits="2" branch="False" />
            <line number="211" hits="2" branch="False" />
            <line number="212" hits="2" branch="False" />
            <line number="213" hits="2" branch="False" />
            <line number="214" hits="2" branch="False" />
            <line number="216" hits="3" branch="False" />
            <line number="17" hits="9" branch="False" />
            <line number="18" hits="9" branch="False" />
            <line number="19" hits="9" branch="False" />
            <line number="20" hits="9" branch="False" />
            <line number="21" hits="9" branch="False" />
          </lines>
        </class>
        <class name="HospitalApp.Services.DoctorService" filename="Documents\GitRepository\PSW\HospitalApp\HospitalApp\Services\DoctorService.cs" line-rate="0.878" branch-rate="0.5" complexity="17">
          <methods>
            <method name="GetAll" signature="()" line-rate="1" branch-rate="1" complexity="1">
              <lines>
                <line number="22" hits="1" branch="False" />
                <line number="23" hits="1" branch="False" />
                <line number="25" hits="3" branch="False" />
                <line number="27" hits="1" branch="False" />
                <line number="28" hits="1" branch="False" />
              </lines>
            </method>
            <method name="GetById" signature="(System.Int32)" line-rate="0.8" branch-rate="0.5" complexity="2">
              <lines>
                <line number="31" hits="1" branch="False" />
                <line number="32" hits="1" branch="False" />
                <line number="34" hits="0" branch="True" condition-coverage="50% (1/2)">
                  <conditions>
                    <condition number="130" type="jump" coverage="50%" />
                  </conditions>
                </line>
                <line number="36" hits="1" branch="False" />
                <line number="37" hits="1" branch="False" />
              </lines>
            </method>
            <method name="GetByType" signature="(HospitalApp.Models.DoctorType)" line-rate="1" branch-rate="1" complexity="1">
              <lines>
                <line number="40" hits="3" branch="False" />
                <line number="41" hits="3" branch="False" />
                <line number="42" hits="3" branch="False" />
                <line number="44" hits="6" branch="False" />
                <line number="46" hits="3" branch="False" />
                <line number="47" hits="3" branch="False" />
              </lines>
            </method>
            <method name="Add" signature="(HospitalApp.Dtos.DoctorDto)" line-rate="0.8571" branch-rate="0.5" complexity="2">
              <lines>
                <line number="50" hits="1" branch="False" />
                <line number="51" hits="0" branch="True" condition-coverage="50% (1/2)">
                  <conditions>
                    <condition number="7" type="jump" coverage="50%" />
                  </conditions>
                </line>
                <line number="53" hits="1" branch="False" />
                <line number="54" hits="1" branch="False" />
                <line number="55" hits="1" branch="False" />
                <line number="57" hits="1" branch="False" />
                <line number="58" hits="1" branch="False" />
              </lines>
            </method>
            <method name="GetGeneralPractitioner" signature="(System.Int32)" line-rate="0.8332999999999999" branch-rate="0.5" complexity="2">
              <lines>
                <line number="61" hits="1" branch="False" />
                <line number="62" hits="1" branch="False" />
                <line number="64" hits="1" branch="True" condition-coverage="50% (1/2)">
                  <conditions>
                    <condition number="130" type="jump" coverage="50%" />
                  </conditions>
                </line>
                <line number="65" hits="0" branch="False" />
                <line number="67" hits="1" branch="False" />
                <line number="68" hits="1" branch="False" />
              </lines>
            </method>
            <method name="GetSpecialist" signature="(System.Int32)" line-rate="0.75" branch-rate="0.5" complexity="8">
              <lines>
                <line number="71" hits="1" branch="False" />
                <line number="72" hits="1" branch="False" />
                <line number="74" hits="1" branch="True" condition-coverage="50% (3/6)">
                  <conditions>
                    <condition number="135" type="jump" coverage="50%" />
                    <condition number="148" type="jump" coverage="50%" />
                    <condition number="171" type="jump" coverage="50%" />
                  </conditions>
                </line>
                <line number="75" hits="0" branch="False" />
                <line number="77" hits="1" branch="True" condition-coverage="50% (1/2)">
                  <conditions>
                    <condition number="336" type="jump" coverage="50%" />
                  </conditions>
                </line>
                <line number="78" hits="0" branch="False" />
                <line number="80" hits="1" branch="False" />
                <line number="81" hits="1" branch="False" />
              </lines>
            </method>
            <method name=".ctor" signature="(HospitalApp.Models.MyDbContext)" line-rate="1" branch-rate="1" complexity="1">
              <lines>
                <line number="16" hits="11" branch="False" />
                <line number="17" hits="11" branch="False" />
                <line number="18" hits="11" branch="False" />
                <line number="19" hits="11" branch="False" />
              </lines>
            </method>
          </methods>
          <lines>
            <line number="22" hits="1" branch="False" />
            <line number="23" hits="1" branch="False" />
            <line number="25" hits="3" branch="False" />
            <line number="27" hits="1" branch="False" />
            <line number="28" hits="1" branch="False" />
            <line number="31" hits="1" branch="False" />
            <line number="32" hits="1" branch="False" />
            <line number="34" hits="0" branch="True" condition-coverage="50% (1/2)">
              <conditions>
                <condition number="130" type="jump" coverage="50%" />
              </conditions>
            </line>
            <line number="36" hits="1" branch="False" />
            <line number="37" hits="1" branch="False" />
            <line number="40" hits="3" branch="False" />
            <line number="41" hits="3" branch="False" />
            <line number="42" hits="3" branch="False" />
            <line number="44" hits="6" branch="False" />
            <line number="46" hits="3" branch="False" />
            <line number="47" hits="3" branch="False" />
            <line number="50" hits="1" branch="False" />
            <line number="51" hits="0" branch="True" condition-coverage="50% (1/2)">
              <conditions>
                <condition number="7" type="jump" coverage="50%" />
              </conditions>
            </line>
            <line number="53" hits="1" branch="False" />
            <line number="54" hits="1" branch="False" />
            <line number="55" hits="1" branch="False" />
            <line number="57" hits="1" branch="False" />
            <line number="58" hits="1" branch="False" />
            <line number="61" hits="1" branch="False" />
            <line number="62" hits="1" branch="False" />
            <line number="64" hits="1" branch="True" condition-coverage="50% (1/2)">
              <conditions>
                <condition number="130" type="jump" coverage="50%" />
              </conditions>
            </line>
            <line number="65" hits="0" branch="False" />
            <line number="67" hits="1" branch="False" />
            <line number="68" hits="1" branch="False" />
            <line number="71" hits="1" branch="False" />
            <line number="72" hits="1" branch="False" />
            <line number="74" hits="1" branch="True" condition-coverage="50% (3/6)">
              <conditions>
                <condition number="135" type="jump" coverage="50%" />
                <condition number="148" type="jump" coverage="50%" />
                <condition number="171" type="jump" coverage="50%" />
              </conditions>
            </line>
            <line number="75" hits="0" branch="False" />
            <line number="77" hits="1" branch="True" condition-coverage="50% (1/2)">
              <conditions>
                <condition number="336" type="jump" coverage="50%" />
              </conditions>
            </line>
            <line number="78" hits="0" branch="False" />
            <line number="80" hits="1" branch="False" />
            <line number="81" hits="1" branch="False" />
            <line number="16" hits="11" branch="False" />
            <line number="17" hits="11" branch="False" />
            <line number="18" hits="11" branch="False" />
            <line number="19" hits="11" branch="False" />
          </lines>
        </class>
        <class name="HospitalApp.Services.FeedbackService" filename="Documents\GitRepository\PSW\HospitalApp\HospitalApp\Services\FeedbackService.cs" line-rate="0.6909000000000001" branch-rate="0.3" complexity="13">
          <methods>
            <method name="GetAll" signature="()" line-rate="1" branch-rate="1" complexity="1">
              <lines>
                <line number="22" hits="1" branch="False" />
                <line number="23" hits="1" branch="False" />
                <line number="25" hits="3" branch="False" />
                <line number="27" hits="1" branch="False" />
                <line number="28" hits="1" branch="False" />
              </lines>
            </method>
            <method name="GetById" signature="(System.Int32)" line-rate="0.8332999999999999" branch-rate="0.5" complexity="2">
              <lines>
                <line number="31" hits="3" branch="False" />
                <line number="32" hits="3" branch="False" />
                <line number="34" hits="3" branch="True" condition-coverage="50% (1/2)">
                  <conditions>
                    <condition number="130" type="jump" coverage="50%" />
                  </conditions>
                </line>
                <line number="35" hits="0" branch="False" />
                <line number="37" hits="3" branch="False" />
                <line number="38" hits="3" branch="False" />
              </lines>
            </method>
            <method name="Add" signature="(HospitalApp.Dtos.FeedbackDto)" line-rate="0" branch-rate="0" complexity="2">
              <lines>
                <line number="41" hits="0" branch="False" />
                <line number="42" hits="0" branch="True" condition-coverage="0% (0/2)">
                  <conditions>
                    <condition number="25" type="jump" coverage="0%" />
                  </conditions>
                </line>
                <line number="43" hits="0" branch="False" />
                <line number="45" hits="0" branch="False" />
                <line number="46" hits="0" branch="False" />
                <line number="48" hits="0" branch="False" />
                <line number="49" hits="0" branch="False" />
                <line number="51" hits="0" branch="False" />
                <line number="52" hits="0" branch="False" />
              </lines>
            </method>
            <method name="RemovePreviousFeedback" signature="(HospitalApp.Dtos.FeedbackDto,HospitalApp.Models.Patient)" line-rate="0" branch-rate="0" complexity="2">
              <lines>
                <line number="55" hits="0" branch="False" />
                <line number="56" hits="0" branch="True" condition-coverage="0% (0/2)">
                  <conditions>
                    <condition number="12" type="jump" coverage="0%" />
                  </conditions>
                </line>
                <line number="57" hits="0" branch="False" />
                <line number="59" hits="0" branch="False" />
                <line number="60" hits="0" branch="False" />
              </lines>
            </method>
            <method name="HideFeedback" signature="(System.Int32)" line-rate="0.9" branch-rate="0.5" complexity="2">
              <lines>
                <line number="63" hits="1" branch="False" />
                <line number="64" hits="1" branch="False" />
                <line number="65" hits="1" branch="False" />
                <line number="67" hits="1" branch="True" condition-coverage="50% (1/2)">
                  <conditions>
                    <condition number="166" type="jump" coverage="50%" />
                  </conditions>
                </line>
                <line number="68" hits="0" branch="False" />
                <line number="70" hits="1" branch="False" />
                <line number="71" hits="1" branch="False" />
                <line number="72" hits="1" branch="False" />
                <line number="74" hits="1" branch="False" />
                <line number="75" hits="1" branch="False" />
              </lines>
            </method>
            <method name="ShowFeedback" signature="(System.Int32)" line-rate="0.9" branch-rate="0.5" complexity="2">
              <lines>
                <line number="78" hits="1" branch="False" />
                <line number="79" hits="1" branch="False" />
                <line number="80" hits="1" branch="False" />
                <line number="82" hits="1" branch="True" condition-coverage="50% (1/2)">
                  <conditions>
                    <condition number="166" type="jump" coverage="50%" />
                  </conditions>
                </line>
                <line number="83" hits="0" branch="False" />
                <line number="85" hits="1" branch="False" />
                <line number="86" hits="1" branch="False" />
                <line number="87" hits="1" branch="False" />
                <line number="89" hits="1" branch="False" />
                <line number="90" hits="1" branch="False" />
              </lines>
            </method>
            <method name="GetVisibleFeedbacks" signature="()" line-rate="1" branch-rate="1" complexity="1">
              <lines>
                <line number="93" hits="1" branch="False" />
                <line number="94" hits="1" branch="False" />
                <line number="95" hits="1" branch="False" />
                <line number="97" hits="2" branch="False" />
                <line number="99" hits="1" branch="False" />
                <line number="100" hits="1" branch="False" />
              </lines>
            </method>
            <method name=".ctor" signature="(HospitalApp.Models.MyDbContext)" line-rate="1" branch-rate="1" complexity="1">
              <lines>
                <line number="16" hits="5" branch="False" />
                <line number="17" hits="5" branch="False" />
                <line number="18" hits="5" branch="False" />
                <line number="19" hits="5" branch="False" />
              </lines>
            </method>
          </methods>
          <lines>
            <line number="22" hits="1" branch="False" />
            <line number="23" hits="1" branch="False" />
            <line number="25" hits="3" branch="False" />
            <line number="27" hits="1" branch="False" />
            <line number="28" hits="1" branch="False" />
            <line number="31" hits="3" branch="False" />
            <line number="32" hits="3" branch="False" />
            <line number="34" hits="3" branch="True" condition-coverage="50% (1/2)">
              <conditions>
                <condition number="130" type="jump" coverage="50%" />
              </conditions>
            </line>
            <line number="35" hits="0" branch="False" />
            <line number="37" hits="3" branch="False" />
            <line number="38" hits="3" branch="False" />
            <line number="41" hits="0" branch="False" />
            <line number="42" hits="0" branch="True" condition-coverage="0% (0/2)">
              <conditions>
                <condition number="25" type="jump" coverage="0%" />
              </conditions>
            </line>
            <line number="43" hits="0" branch="False" />
            <line number="45" hits="0" branch="False" />
            <line number="46" hits="0" branch="False" />
            <line number="48" hits="0" branch="False" />
            <line number="49" hits="0" branch="False" />
            <line number="51" hits="0" branch="False" />
            <line number="52" hits="0" branch="False" />
            <line number="55" hits="0" branch="False" />
            <line number="56" hits="0" branch="True" condition-coverage="0% (0/2)">
              <conditions>
                <condition number="12" type="jump" coverage="0%" />
              </conditions>
            </line>
            <line number="57" hits="0" branch="False" />
            <line number="59" hits="0" branch="False" />
            <line number="60" hits="0" branch="False" />
            <line number="63" hits="1" branch="False" />
            <line number="64" hits="1" branch="False" />
            <line number="65" hits="1" branch="False" />
            <line number="67" hits="1" branch="True" condition-coverage="50% (1/2)">
              <conditions>
                <condition number="166" type="jump" coverage="50%" />
              </conditions>
            </line>
            <line number="68" hits="0" branch="False" />
            <line number="70" hits="1" branch="False" />
            <line number="71" hits="1" branch="False" />
            <line number="72" hits="1" branch="False" />
            <line number="74" hits="1" branch="False" />
            <line number="75" hits="1" branch="False" />
            <line number="78" hits="1" branch="False" />
            <line number="79" hits="1" branch="False" />
            <line number="80" hits="1" branch="False" />
            <line number="82" hits="1" branch="True" condition-coverage="50% (1/2)">
              <conditions>
                <condition number="166" type="jump" coverage="50%" />
              </conditions>
            </line>
            <line number="83" hits="0" branch="False" />
            <line number="85" hits="1" branch="False" />
            <line number="86" hits="1" branch="False" />
            <line number="87" hits="1" branch="False" />
            <line number="89" hits="1" branch="False" />
            <line number="90" hits="1" branch="False" />
            <line number="93" hits="1" branch="False" />
            <line number="94" hits="1" branch="False" />
            <line number="95" hits="1" branch="False" />
            <line number="97" hits="2" branch="False" />
            <line number="99" hits="1" branch="False" />
            <line number="100" hits="1" branch="False" />
            <line number="16" hits="5" branch="False" />
            <line number="17" hits="5" branch="False" />
            <line number="18" hits="5" branch="False" />
            <line number="19" hits="5" branch="False" />
          </lines>
        </class>
        <class name="HospitalApp.Services.MedicationService" filename="Documents\GitRepository\PSW\HospitalApp\HospitalApp\Services\MedicationService.cs" line-rate="0" branch-rate="0" complexity="10">
          <methods>
            <method name="AddMedicationsToSupply" signature="(System.Collections.Generic.List`1&lt;HospitalApp.Dtos.MedicationDto&gt;)" line-rate="0" branch-rate="0" complexity="6">
              <lines>
                <line number="22" hits="0" branch="False" />
                <line number="23" hits="0" branch="False" />
                <line number="25" hits="0" branch="True" condition-coverage="0% (0/2)">
                  <conditions>
                    <condition number="137" type="jump" coverage="0%" />
                  </conditions>
                </line>
                <line number="26" hits="0" branch="True" condition-coverage="0% (0/2)">
                  <conditions>
                    <condition number="111" type="jump" coverage="0%" />
                  </conditions>
                </line>
                <line number="27" hits="0" branch="True" condition-coverage="0% (0/2)">
                  <conditions>
                    <condition number="81" type="jump" coverage="0%" />
                  </conditions>
                </line>
                <line number="28" hits="0" branch="False" />
                <line number="30" hits="0" branch="False" />
                <line number="31" hits="0" branch="False" />
                <line number="32" hits="0" branch="False" />
              </lines>
            </method>
            <method name="GetAll" signature="()" line-rate="0" branch-rate="1" complexity="1">
              <lines>
                <line number="35" hits="0" branch="False" />
                <line number="36" hits="0" branch="False" />
                <line number="37" hits="0" branch="False" />
                <line number="39" hits="0" branch="False" />
                <line number="40" hits="0" branch="False" />
              </lines>
            </method>
            <method name="GetById" signature="(System.Int32)" line-rate="0" branch-rate="0" complexity="2">
              <lines>
                <line number="43" hits="0" branch="False" />
                <line number="44" hits="0" branch="False" />
                <line number="46" hits="0" branch="True" condition-coverage="0% (0/2)">
                  <conditions>
                    <condition number="130" type="jump" coverage="0%" />
                  </conditions>
                </line>
                <line number="48" hits="0" branch="False" />
                <line number="49" hits="0" branch="False" />
              </lines>
            </method>
            <method name=".ctor" signature="(HospitalApp.Models.MyDbContext)" line-rate="0" branch-rate="1" complexity="1">
              <lines>
                <line number="16" hits="0" branch="False" />
                <line number="17" hits="0" branch="False" />
                <line number="18" hits="0" branch="False" />
                <line number="19" hits="0" branch="False" />
              </lines>
            </method>
          </methods>
          <lines>
            <line number="22" hits="0" branch="False" />
            <line number="23" hits="0" branch="False" />
            <line number="25" hits="0" branch="True" condition-coverage="0% (0/2)">
              <conditions>
                <condition number="137" type="jump" coverage="0%" />
              </conditions>
            </line>
            <line number="26" hits="0" branch="True" condition-coverage="0% (0/2)">
              <conditions>
                <condition number="111" type="jump" coverage="0%" />
              </conditions>
            </line>
            <line number="27" hits="0" branch="True" condition-coverage="0% (0/2)">
              <conditions>
                <condition number="81" type="jump" coverage="0%" />
              </conditions>
            </line>
            <line number="28" hits="0" branch="False" />
            <line number="30" hits="0" branch="False" />
            <line number="31" hits="0" branch="False" />
            <line number="32" hits="0" branch="False" />
            <line number="35" hits="0" branch="False" />
            <line number="36" hits="0" branch="False" />
            <line number="37" hits="0" branch="False" />
            <line number="39" hits="0" branch="False" />
            <line number="40" hits="0" branch="False" />
            <line number="43" hits="0" branch="False" />
            <line number="44" hits="0" branch="False" />
            <line number="46" hits="0" branch="True" condition-coverage="0% (0/2)">
              <conditions>
                <condition number="130" type="jump" coverage="0%" />
              </conditions>
            </line>
            <line number="48" hits="0" branch="False" />
            <line number="49" hits="0" branch="False" />
            <line number="16" hits="0" branch="False" />
            <line number="17" hits="0" branch="False" />
            <line number="18" hits="0" branch="False" />
            <line number="19" hits="0" branch="False" />
          </lines>
        </class>
        <class name="HospitalApp.Services.PatientService" filename="Documents\GitRepository\PSW\HospitalApp\HospitalApp\Services\PatientService.cs" line-rate="0.8863" branch-rate="0.5" complexity="15">
          <methods>
            <method name="GetAll" signature="()" line-rate="1" branch-rate="1" complexity="1">
              <lines>
                <line number="24" hits="1" branch="False" />
                <line number="25" hits="1" branch="False" />
                <line number="27" hits="3" branch="False" />
                <line number="29" hits="1" branch="False" />
                <line number="30" hits="1" branch="False" />
              </lines>
            </method>
            <method name="GetById" signature="(System.Int32)" line-rate="0.8" branch-rate="0.5" complexity="2">
              <lines>
                <line number="33" hits="1" branch="False" />
                <line number="34" hits="1" branch="False" />
                <line number="36" hits="0" branch="True" condition-coverage="50% (1/2)">
                  <conditions>
                    <condition number="130" type="jump" coverage="50%" />
                  </conditions>
                </line>
                <line number="38" hits="1" branch="False" />
                <line number="39" hits="1" branch="False" />
              </lines>
            </method>
            <method name="Add" signature="(HospitalApp.Models.Patient)" line-rate="0.8" branch-rate="0.5" complexity="6">
              <lines>
                <line number="42" hits="1" branch="False" />
                <line number="43" hits="1" branch="True" condition-coverage="50% (2/4)">
                  <conditions>
                    <condition number="20" type="jump" coverage="50%" />
                    <condition number="41" type="jump" coverage="50%" />
                  </conditions>
                </line>
                <line number="44" hits="0" branch="False" />
                <line number="46" hits="1" branch="True" condition-coverage="50% (1/2)">
                  <conditions>
                    <condition number="187" type="jump" coverage="50%" />
                  </conditions>
                </line>
                <line number="47" hits="0" branch="False" />
                <line number="49" hits="1" branch="False" />
                <line number="51" hits="1" branch="False" />
                <line number="52" hits="1" branch="False" />
                <line number="54" hits="1" branch="False" />
                <line number="55" hits="1" branch="False" />
              </lines>
            </method>
            <method name="GiveRandomGeneralPractitioner" signature="(HospitalApp.Models.Patient)" line-rate="1" branch-rate="1" complexity="1">
              <lines>
                <line number="58" hits="2" branch="False" />
                <line number="59" hits="2" branch="False" />
                <line number="60" hits="2" branch="False" />
                <line number="61" hits="2" branch="False" />
                <line number="62" hits="2" branch="False" />
                <line number="63" hits="2" branch="False" />
              </lines>
            </method>
            <method name="SetGeneralPractitioner" signature="(System.Int32,System.Int32)" line-rate="0.8571" branch-rate="0.5" complexity="2">
              <lines>
                <line number="66" hits="1" branch="False" />
                <line number="67" hits="1" branch="False" />
                <line number="69" hits="0" branch="True" condition-coverage="50% (1/2)">
                  <conditions>
                    <condition number="137" type="jump" coverage="50%" />
                  </conditions>
                </line>
                <line number="71" hits="1" branch="False" />
                <line number="72" hits="1" branch="False" />
                <line number="74" hits="1" branch="False" />
                <line number="75" hits="1" branch="False" />
              </lines>
            </method>
            <method name="GetAppointmentPatient" signature="(System.Int32)" line-rate="0.8332999999999999" branch-rate="0.5" complexity="2">
              <lines>
                <line number="78" hits="1" branch="False" />
                <line number="79" hits="1" branch="False" />
                <line number="80" hits="1" branch="False" />
                <line number="82" hits="0" branch="True" condition-coverage="50% (1/2)">
                  <conditions>
                    <condition number="265" type="jump" coverage="50%" />
                  </conditions>
                </line>
                <line number="84" hits="1" branch="False" />
                <line number="85" hits="1" branch="False" />
              </lines>
            </method>
            <method name=".ctor" signature="(HospitalApp.Models.MyDbContext,HospitalApp.Contracts.IDoctorService)" line-rate="1" branch-rate="1" complexity="1">
              <lines>
                <line number="17" hits="5" branch="False" />
                <line number="18" hits="5" branch="False" />
                <line number="19" hits="5" branch="False" />
                <line number="20" hits="5" branch="False" />
                <line number="21" hits="5" branch="False" />
              </lines>
            </method>
          </methods>
          <lines>
            <line number="24" hits="1" branch="False" />
            <line number="25" hits="1" branch="False" />
            <line number="27" hits="3" branch="False" />
            <line number="29" hits="1" branch="False" />
            <line number="30" hits="1" branch="False" />
            <line number="33" hits="1" branch="False" />
            <line number="34" hits="1" branch="False" />
            <line number="36" hits="0" branch="True" condition-coverage="50% (1/2)">
              <conditions>
                <condition number="130" type="jump" coverage="50%" />
              </conditions>
            </line>
            <line number="38" hits="1" branch="False" />
            <line number="39" hits="1" branch="False" />
            <line number="42" hits="1" branch="False" />
            <line number="43" hits="1" branch="True" condition-coverage="50% (2/4)">
              <conditions>
                <condition number="20" type="jump" coverage="50%" />
                <condition number="41" type="jump" coverage="50%" />
              </conditions>
            </line>
            <line number="44" hits="0" branch="False" />
            <line number="46" hits="1" branch="True" condition-coverage="50% (1/2)">
              <conditions>
                <condition number="187" type="jump" coverage="50%" />
              </conditions>
            </line>
            <line number="47" hits="0" branch="False" />
            <line number="49" hits="1" branch="False" />
            <line number="51" hits="1" branch="False" />
            <line number="52" hits="1" branch="False" />
            <line number="54" hits="1" branch="False" />
            <line number="55" hits="1" branch="False" />
            <line number="58" hits="2" branch="False" />
            <line number="59" hits="2" branch="False" />
            <line number="60" hits="2" branch="False" />
            <line number="61" hits="2" branch="False" />
            <line number="62" hits="2" branch="False" />
            <line number="63" hits="2" branch="False" />
            <line number="66" hits="1" branch="False" />
            <line number="67" hits="1" branch="False" />
            <line number="69" hits="0" branch="True" condition-coverage="50% (1/2)">
              <conditions>
                <condition number="137" type="jump" coverage="50%" />
              </conditions>
            </line>
            <line number="71" hits="1" branch="False" />
            <line number="72" hits="1" branch="False" />
            <line number="74" hits="1" branch="False" />
            <line number="75" hits="1" branch="False" />
            <line number="78" hits="1" branch="False" />
            <line number="79" hits="1" branch="False" />
            <line number="80" hits="1" branch="False" />
            <line number="82" hits="0" branch="True" condition-coverage="50% (1/2)">
              <conditions>
                <condition number="265" type="jump" coverage="50%" />
              </conditions>
            </line>
            <line number="84" hits="1" branch="False" />
            <line number="85" hits="1" branch="False" />
            <line number="17" hits="5" branch="False" />
            <line number="18" hits="5" branch="False" />
            <line number="19" hits="5" branch="False" />
            <line number="20" hits="5" branch="False" />
            <line number="21" hits="5" branch="False" />
          </lines>
        </class>
        <class name="HospitalApp.Services.ReferralService" filename="Documents\GitRepository\PSW\HospitalApp\HospitalApp\Services\ReferralService.cs" line-rate="0.625" branch-rate="0.375" complexity="11">
          <methods>
            <method name="GetAll" signature="()" line-rate="1" branch-rate="1" complexity="1">
              <lines>
                <line number="23" hits="1" branch="False" />
                <line number="24" hits="1" branch="False" />
                <line number="26" hits="3" branch="False" />
                <line number="28" hits="1" branch="False" />
                <line number="29" hits="1" branch="False" />
              </lines>
            </method>
            <method name="GetById" signature="(System.Int32)" line-rate="0.8" branch-rate="0.5" complexity="2">
              <lines>
                <line number="32" hits="1" branch="False" />
                <line number="33" hits="1" branch="False" />
                <line number="35" hits="0" branch="True" condition-coverage="50% (1/2)">
                  <conditions>
                    <condition number="130" type="jump" coverage="50%" />
                  </conditions>
                </line>
                <line number="37" hits="1" branch="False" />
                <line number="38" hits="1" branch="False" />
              </lines>
            </method>
            <method name="Add" signature="(HospitalApp.Dtos.ReferralDto)" line-rate="0" branch-rate="0" complexity="2">
              <lines>
                <line number="41" hits="0" branch="False" />
                <line number="42" hits="0" branch="True" condition-coverage="0% (0/2)">
                  <conditions>
                    <condition number="25" type="jump" coverage="0%" />
                  </conditions>
                </line>
                <line number="44" hits="0" branch="False" />
                <line number="45" hits="0" branch="False" />
                <line number="47" hits="0" branch="False" />
                <line number="48" hits="0" branch="False" />
                <line number="49" hits="0" branch="False" />
                <line number="51" hits="0" branch="False" />
                <line number="52" hits="0" branch="False" />
              </lines>
            </method>
            <method name="GivePatientReferral" signature="(HospitalApp.Models.Patient,HospitalApp.Models.Referral)" line-rate="0" branch-rate="0" complexity="2">
              <lines>
                <line number="55" hits="0" branch="False" />
                <line number="56" hits="0" branch="True" condition-coverage="0% (0/2)">
                  <conditions>
                    <condition number="12" type="jump" coverage="0%" />
                  </conditions>
                </line>
                <line number="57" hits="0" branch="False" />
                <line number="59" hits="0" branch="False" />
                <line number="60" hits="0" branch="False" />
              </lines>
            </method>
            <method name="RemovePatientsReferral" signature="(HospitalApp.Models.Patient)" line-rate="1" branch-rate="1" complexity="1">
              <lines>
                <line number="63" hits="1" branch="False" />
                <line number="64" hits="1" branch="False" />
                <line number="65" hits="1" branch="False" />
                <line number="66" hits="1" branch="False" />
                <line number="67" hits="1" branch="False" />
              </lines>
            </method>
            <method name="GetAppointmentsReferral" signature="(HospitalApp.Models.Appointment)" line-rate="1" branch-rate="1" complexity="2">
              <lines>
                <line number="70" hits="6" branch="False" />
                <line number="71" hits="6" branch="False" />
                <line number="72" hits="6" branch="False" />
                <line number="73" hits="6" branch="False" />
                <line number="75" hits="7" branch="True" condition-coverage="100% (2/2)">
                  <conditions>
                    <condition number="252" type="jump" coverage="100%" />
                  </conditions>
                </line>
                <line number="77" hits="5" branch="False" />
                <line number="78" hits="6" branch="False" />
              </lines>
            </method>
            <method name=".ctor" signature="(HospitalApp.Models.MyDbContext)" line-rate="1" branch-rate="1" complexity="1">
              <lines>
                <line number="17" hits="13" branch="False" />
                <line number="18" hits="13" branch="False" />
                <line number="19" hits="13" branch="False" />
                <line number="20" hits="13" branch="False" />
              </lines>
            </method>
          </methods>
          <lines>
            <line number="23" hits="1" branch="False" />
            <line number="24" hits="1" branch="False" />
            <line number="26" hits="3" branch="False" />
            <line number="28" hits="1" branch="False" />
            <line number="29" hits="1" branch="False" />
            <line number="32" hits="1" branch="False" />
            <line number="33" hits="1" branch="False" />
            <line number="35" hits="0" branch="True" condition-coverage="50% (1/2)">
              <conditions>
                <condition number="130" type="jump" coverage="50%" />
              </conditions>
            </line>
            <line number="37" hits="1" branch="False" />
            <line number="38" hits="1" branch="False" />
            <line number="41" hits="0" branch="False" />
            <line number="42" hits="0" branch="True" condition-coverage="0% (0/2)">
              <conditions>
[...]
              </lines>
            </method>
            <method name="CreateDoctorDto" signature="()" line-rate="1" branch-rate="1" complexity="1">
              <lines>
                <line number="35" hits="1" branch="False" />
                <line number="36" hits="1" branch="False" />
                <line number="37" hits="1" branch="False" />
                <line number="38" hits="1" branch="False" />
                <line number="39" hits="1" branch="False" />
                <line number="40" hits="1" branch="False" />
                <line number="41" hits="1" branch="False" />
                <line number="42" hits="1" branch="False" />
                <line number="43" hits="1" branch="False" />
                <line number="44" hits="1" branch="False" />
                <line number="45" hits="1" branch="False" />
                <line number="46" hits="1" branch="False" />
                <line number="47" hits="1" branch="False" />
                <line number="48" hits="1" branch="False" />
                <line number="49" hits="1" branch="False" />
                <line number="50" hits="1" branch="False" />
              </lines>
            </method>
            <method name="CreateDoctor" signature="()" line-rate="1" branch-rate="1" complexity="1">
              <lines>
                <line number="53" hits="1" branch="False" />
                <line number="54" hits="1" branch="False" />
                <line number="55" hits="1" branch="False" />
                <line number="56" hits="1" branch="False" />
                <line number="57" hits="1" branch="False" />
                <line number="58" hits="1" branch="False" />
                <line number="59" hits="1" branch="False" />
                <line number="60" hits="1" branch="False" />
                <line number="61" hits="1" branch="False" />
                <line number="62" hits="1" branch="False" />
                <line number="63" hits="1" branch="False" />
                <line number="64" hits="1" branch="False" />
                <line number="65" hits="1" branch="False" />
                <line number="66" hits="1" branch="False" />
                <line number="67" hits="1" branch="False" />
                <line number="68" hits="1" branch="False" />
              </lines>
            </method>
          </methods>
          <lines>
            <line number="16" hits="1" branch="False" />
            <line number="17" hits="1" branch="False" />
            <line number="19" hits="1" branch="False" />
            <line number="21" hits="1" branch="False" />
            <line number="22" hits="1" branch="False" />
            <line number="26" hits="1" branch="False" />
            <line number="27" hits="1" branch="False" />
            <line number="29" hits="1" branch="False" />
            <line number="31" hits="1" branch="False" />
            <line number="32" hits="1" branch="False" />
            <line number="35" hits="1" branch="False" />
            <line number="36" hits="1" branch="False" />
            <line number="37" hits="1" branch="False" />
            <line number="38" hits="1" branch="False" />
            <line number="39" hits="1" branch="False" />
            <line number="40" hits="1" branch="False" />
            <line number="41" hits="1" branch="False" />
            <line number="42" hits="1" branch="False" />
            <line number="43" hits="1" branch="False" />
            <line number="44" hits="1" branch="False" />
            <line number="45" hits="1" branch="False" />
            <line number="46" hits="1" branch="False" />
            <line number="47" hits="1" branch="False" />
            <line number="48" hits="1" branch="False" />
            <line number="49" hits="1" branch="False" />
            <line number="50" hits="1" branch="False" />
            <line number="53" hits="1" branch="False" />
            <line number="54" hits="1" branch="False" />
            <line number="55" hits="1" branch="False" />
            <line number="56" hits="1" branch="False" />
            <line number="57" hits="1" branch="False" />
            <line number="58" hits="1" branch="False" />
            <line number="59" hits="1" branch="False" />
            <line number="60" hits="1" branch="False" />
            <line number="61" hits="1" branch="False" />
            <line number="62" hits="1" branch="False" />
            <line number="63" hits="1" branch="False" />
            <line number="64" hits="1" branch="False" />
            <line number="65" hits="1" branch="False" />
            <line number="66" hits="1" branch="False" />
            <line number="67" hits="1" branch="False" />
            <line number="68" hits="1" branch="False" />
          </lines>
        </class>
        <class name="HospitalAppTests.AdaptersTests.FeedbackAdapterTests" filename="Documents\GitRepository\PSW\HospitalApp\HospitalAppTests\AdaptersUnitTests\FeedbackAdapterTests.cs" line-rate="1" branch-rate="1" complexity="4">
          <methods>
            <method name="Feedback_to_feedback_dto" signature="()" line-rate="1" branch-rate="1" complexity="1">
              <lines>
                <line number="16" hits="1" branch="False" />
                <line number="17" hits="1" branch="False" />
                <line number="19" hits="1" branch="False" />
                <line number="21" hits="1" branch="False" />
                <line number="22" hits="1" branch="False" />
              </lines>
            </method>
            <method name="Feedback_dto_to_feedback" signature="()" line-rate="1" branch-rate="1" complexity="1">
              <lines>
                <line number="26" hits="1" branch="False" />
                <line number="27" hits="1" branch="False" />
                <line number="29" hits="1" branch="False" />
                <line number="31" hits="1" branch="False" />
                <line number="32" hits="1" branch="False" />
              </lines>
            </method>
            <method name="CreateFeedbackDto" signature="()" line-rate="1" branch-rate="1" complexity="1">
              <lines>
                <line number="35" hits="1" branch="False" />
                <line number="36" hits="1" branch="False" />
                <line number="37" hits="1" branch="False" />
                <line number="38" hits="1" branch="False" />
                <line number="39" hits="1" branch="False" />
                <line number="40" hits="1" branch="False" />
                <line number="41" hits="1" branch="False" />
                <line number="42" hits="1" branch="False" />
                <line number="43" hits="1" branch="False" />
                <line number="44" hits="1" branch="False" />
                <line number="45" hits="1" branch="False" />
              </lines>
            </method>
            <method name="CreateFeedback" signature="()" line-rate="1" branch-rate="1" complexity="1">
              <lines>
                <line number="48" hits="1" branch="False" />
                <line number="49" hits="1" branch="False" />
                <line number="50" hits="1" branch="False" />
                <line number="51" hits="1" branch="False" />
                <line number="52" hits="1" branch="False" />
                <line number="53" hits="1" branch="False" />
                <line number="54" hits="1" branch="False" />
                <line number="55" hits="1" branch="False" />
                <line number="56" hits="1" branch="False" />
                <line number="57" hits="1" branch="False" />
                <line number="58" hits="1" branch="False" />
              </lines>
            </method>
          </methods>
          <lines>
            <line number="16" hits="1" branch="False" />
            <line number="17" hits="1" branch="False" />
            <line number="19" hits="1" branch="False" />
            <line number="21" hits="1" branch="False" />
            <line number="22" hits="1" branch="False" />
            <line number="26" hits="1" branch="False" />
            <line number="27" hits="1" branch="False" />
            <line number="29" hits="1" branch="False" />
            <line number="31" hits="1" branch="False" />
            <line number="32" hits="1" branch="False" />
            <line number="35" hits="1" branch="False" />
            <line number="36" hits="1" branch="False" />
            <line number="37" hits="1" branch="False" />
            <line number="38" hits="1" branch="False" />
            <line number="39" hits="1" branch="False" />
            <line number="40" hits="1" branch="False" />
            <line number="41" hits="1" branch="False" />
            <line number="42" hits="1" branch="False" />
            <line number="43" hits="1" branch="False" />
            <line number="44" hits="1" branch="False" />
            <line number="45" hits="1" branch="False" />
            <line number="48" hits="1" branch="False" />
            <line number="49" hits="1" branch="False" />
            <line number="50" hits="1" branch="False" />
            <line number="51" hits="1" branch="False" />
            <line number="52" hits="1" branch="False" />
            <line number="53" hits="1" branch="False" />
            <line number="54" hits="1" branch="False" />
            <line number="55" hits="1" branch="False" />
            <line number="56" hits="1" branch="False" />
            <line number="57" hits="1" branch="False" />
            <line number="58" hits="1" branch="False" />
          </lines>
        </class>
        <class name="HospitalAppTests.AdaptersTests.PatientAdapterTests" filename="Documents\GitRepository\PSW\HospitalApp\HospitalAppTests\AdaptersUnitTests\PatientAdapterTests.cs" line-rate="1" branch-rate="1" complexity="4">
          <methods>
            <method name="Patient_to_patient_dto" signature="()" line-rate="1" branch-rate="1" complexity="1">
              <lines>
                <line number="16" hits="1" branch="False" />
                <line number="17" hits="1" branch="False" />
                <line number="19" hits="1" branch="False" />
                <line number="21" hits="1" branch="False" />
                <line number="22" hits="1" branch="False" />
              </lines>
            </method>
            <method name="Patient_dto_to_patient" signature="()" line-rate="1" branch-rate="1" complexity="1">
              <lines>
                <line number="26" hits="1" branch="False" />
                <line number="27" hits="1" branch="False" />
                <line number="29" hits="1" branch="False" />
                <line number="31" hits="1" branch="False" />
                <line number="32" hits="1" branch="False" />
              </lines>
            </method>
            <method name="CreatePatientDto" signature="()" line-rate="1" branch-rate="1" complexity="1">
              <lines>
                <line number="35" hits="1" branch="False" />
                <line number="36" hits="1" branch="False" />
                <line number="37" hits="1" branch="False" />
                <line number="38" hits="1" branch="False" />
                <line number="39" hits="1" branch="False" />
                <line number="40" hits="1" branch="False" />
                <line number="41" hits="1" branch="False" />
                <line number="42" hits="1" branch="False" />
                <line number="43" hits="1" branch="False" />
                <line number="44" hits="1" branch="False" />
                <line number="45" hits="1" branch="False" />
                <line number="46" hits="1" branch="False" />
                <line number="47" hits="1" branch="False" />
                <line number="48" hits="1" branch="False" />
                <line number="49" hits="1" branch="False" />
                <line number="50" hits="1" branch="False" />
              </lines>
            </method>
            <method name="CreatePatient" signature="()" line-rate="1" branch-rate="1" complexity="1">
              <lines>
                <line number="53" hits="1" branch="False" />
                <line number="54" hits="1" branch="False" />
                <line number="55" hits="1" branch="False" />
                <line number="56" hits="1" branch="False" />
                <line number="57" hits="1" branch="False" />
                <line number="58" hits="1" branch="False" />
                <line number="59" hits="1" branch="False" />
                <line number="60" hits="1" branch="False" />
                <line number="61" hits="1" branch="False" />
                <line number="62" hits="1" branch="False" />
                <line number="63" hits="1" branch="False" />
                <line number="64" hits="1" branch="False" />
                <line number="65" hits="1" branch="False" />
                <line number="66" hits="1" branch="False" />
                <line number="67" hits="1" branch="False" />
                <line number="68" hits="1" branch="False" />
              </lines>
            </method>
          </methods>
          <lines>
            <line number="16" hits="1" branch="False" />
            <line number="17" hits="1" branch="False" />
            <line number="19" hits="1" branch="False" />
            <line number="21" hits="1" branch="False" />
            <line number="22" hits="1" branch="False" />
            <line number="26" hits="1" branch="False" />
            <line number="27" hits="1" branch="False" />
            <line number="29" hits="1" branch="False" />
            <line number="31" hits="1" branch="False" />
            <line number="32" hits="1" branch="False" />
            <line number="35" hits="1" branch="False" />
            <line number="36" hits="1" branch="False" />
            <line number="37" hits="1" branch="False" />
            <line number="38" hits="1" branch="False" />
            <line number="39" hits="1" branch="False" />
            <line number="40" hits="1" branch="False" />
            <line number="41" hits="1" branch="False" />
            <line number="42" hits="1" branch="False" />
            <line number="43" hits="1" branch="False" />
            <line number="44" hits="1" branch="False" />
            <line number="45" hits="1" branch="False" />
            <line number="46" hits="1" branch="False" />
            <line number="47" hits="1" branch="False" />
            <line number="48" hits="1" branch="False" />
            <line number="49" hits="1" branch="False" />
            <line number="50" hits="1" branch="False" />
            <line number="53" hits="1" branch="False" />
            <line number="54" hits="1" branch="False" />
            <line number="55" hits="1" branch="False" />
            <line number="56" hits="1" branch="False" />
            <line number="57" hits="1" branch="False" />
            <line number="58" hits="1" branch="False" />
            <line number="59" hits="1" branch="False" />
            <line number="60" hits="1" branch="False" />
            <line number="61" hits="1" branch="False" />
            <line number="62" hits="1" branch="False" />
            <line number="63" hits="1" branch="False" />
            <line number="64" hits="1" branch="False" />
            <line number="65" hits="1" branch="False" />
            <line number="66" hits="1" branch="False" />
            <line number="67" hits="1" branch="False" />
            <line number="68" hits="1" branch="False" />
          </lines>
        </class>
        <class name="HospitalAppTests.AdaptersTests.ReferralAdapterTests" filename="Documents\GitRepository\PSW\HospitalApp\HospitalAppTests\AdaptersUnitTests\ReferralAdapterTests.cs" line-rate="1" branch-rate="1" complexity="4">
          <methods>
            <method name="Referral_to_referral_dto" signature="()" line-rate="1" branch-rate="1" complexity="1">
              <lines>
                <line number="16" hits="1" branch="False" />
                <line number="17" hits="1" branch="False" />
                <line number="19" hits="1" branch="False" />
                <line number="21" hits="1" branch="False" />
                <line number="22" hits="1" branch="False" />
              </lines>
            </method>
            <method name="Referral_dto_to_referral" signature="()" line-rate="1" branch-rate="1" complexity="1">
              <lines>
                <line number="26" hits="1" branch="False" />
                <line number="27" hits="1" branch="False" />
                <line number="29" hits="1" branch="False" />
                <line number="31" hits="1" branch="False" />
                <line number="32" hits="1" branch="False" />
              </lines>
            </method>
            <method name="CreateReferralDto" signature="()" line-rate="1" branch-rate="1" complexity="1">
              <lines>
                <line number="35" hits="1" branch="False" />
                <line number="36" hits="1" branch="False" />
                <line number="37" hits="1" branch="False" />
                <line number="38" hits="1" branch="False" />
                <line number="39" hits="1" branch="False" />
                <line number="40" hits="1" branch="False" />
                <line number="41" hits="1" branch="False" />
                <line number="42" hits="1" branch="False" />
                <line number="43" hits="1" branch="False" />
              </lines>
            </method>
            <method name="CreateReferral" signature="()" line-rate="1" branch-rate="1" complexity="1">
              <lines>
                <line number="46" hits="1" branch="False" />
                <line number="47" hits="1" branch="False" />
                <line number="48" hits="1" branch="False" />
                <line number="49" hits="1" branch="False" />
                <line number="50" hits="1" branch="False" />
                <line number="51" hits="1" branch="False" />
                <line number="52" hits="1" branch="False" />
                <line number="53" hits="1" branch="False" />
                <line number="54" hits="1" branch="False" />
              </lines>
            </method>
          </methods>
          <lines>
            <line number="16" hits="1" branch="False" />
            <line number="17" hits="1" branch="False" />
            <line number="19" hits="1" branch="False" />
            <line number="21" hits="1" branch="False" />
            <line number="22" hits="1" branch="False" />
            <line number="26" hits="1" branch="False" />
            <line number="27" hits="1" branch="False" />
            <line number="29" hits="1" branch="False" />
            <line number="31" hits="1" branch="False" />
            <line number="32" hits="1" branch="False" />
            <line number="35" hits="1" branch="False" />
            <line number="36" hits="1" branch="False" />
            <line number="37" hits="1" branch="False" />
            <line number="38" hits="1" branch="False" />
            <line number="39" hits="1" branch="False" />
            <line number="40" hits="1" branch="False" />
            <line number="41" hits="1" branch="False" />
            <line number="42" hits="1" branch="False" />
            <line number="43" hits="1" branch="False" />
            <line number="46" hits="1" branch="False" />
            <line number="47" hits="1" branch="False" />
            <line number="48" hits="1" branch="False" />
            <line number="49" hits="1" branch="False" />
            <line number="50" hits="1" branch="False" />
            <line number="51" hits="1" branch="False" />
            <line number="52" hits="1" branch="False" />
            <line number="53" hits="1" branch="False" />
            <line number="54" hits="1" branch="False" />
          </lines>
        </class>
      </classes>
    </package>
  </packages>
</coverage>